tensor([1., 2., 3.])
tensor([1., 2., 3.])
tensor([1., 2., 3.])
tensor([1., 2., 3.])
--------------------------------------------------
Profiling torch.abs(vector))
--------------------------------------------------
-----------------  ------------  ------------  ------------  ------------  ------------  ------------  ------------  ------------  ------------  ------------  
             Name    Self CPU %      Self CPU   CPU total %     CPU total  CPU time avg     Self CUDA   Self CUDA %    CUDA total  CUDA time avg    # of Calls  
-----------------  ------------  ------------  ------------  ------------  ------------  ------------  ------------  ------------  ------------  ------------  
        aten::abs        83.20%     104.000us       144.80%     181.000us      90.500us       2.767ms        98.68%       5.559ms       2.780ms             2  
      aten::empty         8.80%      11.000us         8.80%      11.000us      11.000us      21.000us         0.75%      21.000us      21.000us             1  
    aten::resize_         8.00%      10.000us         8.00%      10.000us      10.000us      16.000us         0.57%      16.000us      16.000us             1  
-----------------  ------------  ------------  ------------  ------------  ------------  ------------  ------------  ------------  ------------  ------------  
Self CPU time total: 125.000us
Self CUDA time total: 2.804ms

--------------------------------------------------
Profiling torch.sqrt(torch.square(vector))
--------------------------------------------------
---------------------  ------------  ------------  ------------  ------------  ------------  ------------  ------------  ------------  ------------  ------------  
                 Name    Self CPU %      Self CPU   CPU total %     CPU total  CPU time avg     Self CUDA   Self CUDA %    CUDA total  CUDA time avg    # of Calls  
---------------------  ------------  ------------  ------------  ------------  ------------  ------------  ------------  ------------  ------------  ------------  
         aten::square        21.78%      22.000us        85.15%      86.000us      86.000us      20.000us         0.37%       2.776ms       2.776ms             1  
            aten::pow        63.37%      64.000us        63.37%      64.000us      64.000us       2.742ms        50.09%       2.756ms       2.756ms             1  
           aten::sqrt        14.85%      15.000us        14.85%      15.000us      15.000us       2.698ms        49.29%       2.698ms       2.698ms             1  
    aten::result_type         0.00%       0.000us         0.00%       0.000us       0.000us       7.000us         0.13%       7.000us       7.000us             1  
             aten::to         0.00%       0.000us         0.00%       0.000us       0.000us       7.000us         0.13%       7.000us       7.000us             1  
---------------------  ------------  ------------  ------------  ------------  ------------  ------------  ------------  ------------  ------------  ------------  
Self CPU time total: 101.000us
Self CUDA time total: 5.474ms

--------------------------------------------------
Profiling torch.sqrt(vector * vector)
--------------------------------------------------
--------------  ------------  ------------  ------------  ------------  ------------  ------------  ------------  ------------  ------------  ------------  
          Name    Self CPU %      Self CPU   CPU total %     CPU total  CPU time avg     Self CUDA   Self CUDA %    CUDA total  CUDA time avg    # of Calls  
--------------  ------------  ------------  ------------  ------------  ------------  ------------  ------------  ------------  ------------  ------------  
     aten::mul        70.00%      35.000us        70.00%      35.000us      35.000us       2.743ms        50.27%       2.743ms       2.743ms             1  
    aten::sqrt        30.00%      15.000us        30.00%      15.000us      15.000us       2.714ms        49.73%       2.714ms       2.714ms             1  
--------------  ------------  ------------  ------------  ------------  ------------  ------------  ------------  ------------  ------------  ------------  
Self CPU time total: 50.000us
Self CUDA time total: 5.457ms

--------------------------------------------------
Profiling torch.sqrt(vector ** 2)
--------------------------------------------------
---------------------  ------------  ------------  ------------  ------------  ------------  ------------  ------------  ------------  ------------  ------------  
                 Name    Self CPU %      Self CPU   CPU total %     CPU total  CPU time avg     Self CUDA   Self CUDA %    CUDA total  CUDA time avg    # of Calls  
---------------------  ------------  ------------  ------------  ------------  ------------  ------------  ------------  ------------  ------------  ------------  
            aten::pow        80.77%      63.000us        80.77%      63.000us      63.000us       2.756ms        50.36%       2.770ms       2.770ms             1  
           aten::sqrt        19.23%      15.000us        19.23%      15.000us      15.000us       2.703ms        49.39%       2.703ms       2.703ms             1  
    aten::result_type         0.00%       0.000us         0.00%       0.000us       0.000us       7.000us         0.13%       7.000us       7.000us             1  
             aten::to         0.00%       0.000us         0.00%       0.000us       0.000us       7.000us         0.13%       7.000us       7.000us             1  
---------------------  ------------  ------------  ------------  ------------  ------------  ------------  ------------  ------------  ------------  ------------  
Self CPU time total: 78.000us
Self CUDA time total: 5.473ms

